<?xml version="1.0" encoding="UTF-8"?>
<testExecutions version="1">
  <file path="/Users/danielarmyr/Documents/code/TrustedChildren/Backend/__tests__/live/roundtrip.live.test.js">
    <testCase name="Test roundtrip should put two items and then retrieve them" duration="2911"/>
    <testCase name="Test roundtrip should not put with wrong API key" duration="161"/>
    <testCase name="Test roundtrip should not put with wrong API key" duration="78"/>
  </file>
</testExecutions>